[15-6-2020 19:21:39.402] Could not set MrTomato#9412 => 337266897458429956's nickname

[15-6-2020 19:16:3.549] Could not set MrTomato#9412 => 337266897458429956's nickname

[15-6-2020 8:17:11.514] Error: Malformed UUID
    at Request._callback (d:\Coding\Repositories\Ranked-Bridge\node_modules\hypixel\lib\Client.js:67:33)
    at Request.self.callback (d:\Coding\Repositories\Ranked-Bridge\node_modules\request\request.js:185:22)
    at Request.emit (events.js:315:20)
    at Request.<anonymous> (d:\Coding\Repositories\Ranked-Bridge\node_modules\request\request.js:1154:10)
    at Request.emit (events.js:315:20)
    at IncomingMessage.<anonymous> (d:\Coding\Repositories\Ranked-Bridge\node_modules\request\request.js:1076:12)
    at Object.onceWrapper (events.js:421:28)
    at IncomingMessage.emit (events.js:327:22)
    at endReadableNT (_stream_readable.js:1221:12)
    at processTicksAndRejections (internal/process/task_queues.js:84:21)

[15-6-2020 8:16:47.684] Error: Malformed UUID
    at Request._callback (d:\Coding\Repositories\Ranked-Bridge\node_modules\hypixel\lib\Client.js:67:33)
    at Request.self.callback (d:\Coding\Repositories\Ranked-Bridge\node_modules\request\request.js:185:22)
    at Request.emit (events.js:315:20)
    at Request.<anonymous> (d:\Coding\Repositories\Ranked-Bridge\node_modules\request\request.js:1154:10)
    at Request.emit (events.js:315:20)
    at IncomingMessage.<anonymous> (d:\Coding\Repositories\Ranked-Bridge\node_modules\request\request.js:1076:12)
    at Object.onceWrapper (events.js:421:28)
    at IncomingMessage.emit (events.js:327:22)
    at endReadableNT (_stream_readable.js:1221:12)
    at processTicksAndRejections (internal/process/task_queues.js:84:21)

[15-6-2020 8:14:23.676] Error: Malformed UUID
    at Request._callback (d:\Coding\Repositories\Ranked-Bridge\node_modules\hypixel\lib\Client.js:67:33)
    at Request.self.callback (d:\Coding\Repositories\Ranked-Bridge\node_modules\request\request.js:185:22)
    at Request.emit (events.js:315:20)
    at Request.<anonymous> (d:\Coding\Repositories\Ranked-Bridge\node_modules\request\request.js:1154:10)
    at Request.emit (events.js:315:20)
    at IncomingMessage.<anonymous> (d:\Coding\Repositories\Ranked-Bridge\node_modules\request\request.js:1076:12)
    at Object.onceWrapper (events.js:421:28)
    at IncomingMessage.emit (events.js:327:22)
    at endReadableNT (_stream_readable.js:1221:12)
    at processTicksAndRejections (internal/process/task_queues.js:84:21)

